Oct 12, 2021 3:11:20 PM seedu.logger.TimetableLogger log
INFO: CS2113T, LEC added to timetable
Oct 12, 2021 3:11:20 PM seedu.logger.TimetableLogger log
INFO: CS2113T, LEC added to timetable
Oct 12, 2021 3:11:20 PM seedu.logger.TimetableLogger log
INFO: CS2113T, LEC added to timetable
Oct 12, 2021 3:11:20 PM seedu.logger.TimetableLogger log
INFO: CS2113T, LEC added to timetable
Oct 12, 2021 3:16:54 PM seedu.logger.TimetableLogger log
INFO: CS2113T, LEC added to timetable
Oct 12, 2021 3:16:54 PM seedu.logger.TimetableLogger log
INFO: CS2113T, LEC added to timetable
Oct 12, 2021 3:16:54 PM seedu.logger.TimetableLogger log
INFO: CS2113T, LEC added to timetable
Oct 12, 2021 3:16:54 PM seedu.logger.TimetableLogger log
INFO: CS2113T, LEC added to timetable
Oct 12, 2021 3:20:57 PM seedu.logger.TimetableLogger log
INFO: Test, LEC added to timetable
Oct 12, 2021 3:20:57 PM seedu.logger.TimetableLogger log
INFO: Test, LEC added to timetable
Oct 12, 2021 3:20:57 PM seedu.logger.TimetableLogger log
INFO: Test, TUT added to timetable
Oct 12, 2021 3:35:57 PM seedu.logger.TimetableLogger log
INFO: CFG1002, LEC added to timetable
Oct 12, 2021 3:35:57 PM seedu.logger.TimetableLogger log
INFO: CS1231, LEC added to timetable
Oct 12, 2021 3:35:57 PM seedu.logger.TimetableLogger log
INFO: All modules removed from timetable
Oct 12, 2021 3:35:57 PM seedu.logger.TimetableLogger log
INFO: CFG1002, LEC added to timetable
Oct 12, 2021 3:35:57 PM seedu.logger.TimetableLogger log
INFO: CS1231, LEC added to timetable
Oct 12, 2021 3:35:57 PM seedu.logger.TimetableLogger log
INFO: CS1231, LEC added to timetable
Oct 12, 2021 3:35:58 PM seedu.logger.TimetableLogger log
INFO: CFG1002 added to timetable
Oct 12, 2021 3:35:58 PM seedu.logger.TimetableLogger log
INFO: Test, LEC added to timetable
Oct 12, 2021 3:35:58 PM seedu.logger.TimetableLogger log
INFO: Test, LEC added to timetable
Oct 12, 2021 3:35:58 PM seedu.logger.TimetableLogger log
INFO: Test, TUT added to timetable
Oct 12, 2021 3:40:12 PM seedu.logger.TimetableLogger log
INFO: CFG1002, LEC added to timetable
Oct 12, 2021 3:40:12 PM seedu.logger.TimetableLogger log
INFO: CS1231, LEC added to timetable
Oct 12, 2021 3:40:12 PM seedu.logger.TimetableLogger log
INFO: All modules removed from timetable
Oct 12, 2021 3:40:12 PM seedu.logger.TimetableLogger log
INFO: CFG1002, LEC added to timetable
Oct 12, 2021 3:40:12 PM seedu.logger.TimetableLogger log
INFO: CS1231, LEC added to timetable
Oct 12, 2021 3:40:12 PM seedu.logger.TimetableLogger log
INFO: CS1231, LEC added to timetable
Oct 12, 2021 3:40:12 PM seedu.logger.TimetableLogger log
INFO: CFG1002 added to timetable
Oct 12, 2021 3:40:12 PM seedu.logger.TimetableLogger log
INFO: Test, LEC added to timetable
Oct 12, 2021 3:40:12 PM seedu.logger.TimetableLogger log
INFO: Test, LEC added to timetable
Oct 12, 2021 3:40:12 PM seedu.logger.TimetableLogger log
INFO: Test, TUT added to timetable
